{
  "RSpec": {
    "coverage": {
      "/Users/KateLoschinina/Workspace/MakersAcademy/Oystercard/spec/journey_log_spec.rb": [
        1,
        null,
        1,
        null,
        4,
        null,
        1,
        2,
        1,
        1,
        1,
        null,
        null,
        null,
        1,
        3,
        1,
        1,
        1,
        null,
        1,
        1,
        1,
        null,
        null,
        null,
        1,
        1,
        1,
        null,
        null,
        1,
        null,
        null,
        null,
        1,
        null,
        null,
        null,
        null,
        null,
        null
      ],
      "/Users/KateLoschinina/Workspace/MakersAcademy/Oystercard/lib/journey_log.rb": [
        1,
        null,
        1,
        null,
        1,
        null,
        1,
        20,
        20,
        20,
        null,
        null,
        1,
        15,
        15,
        null,
        null,
        1,
        8,
        8,
        8,
        null,
        null,
        null,
        null,
        1,
        26,
        null,
        null,
        null
      ],
      "/Users/KateLoschinina/Workspace/MakersAcademy/Oystercard/lib/journey.rb": [
        1,
        1,
        null,
        1,
        null,
        1,
        null,
        1,
        null,
        1,
        26,
        26,
        null,
        null,
        1,
        3,
        null,
        null,
        1,
        2,
        null,
        null,
        1,
        8,
        null,
        null,
        1,
        11,
        null,
        null,
        1,
        null,
        1,
        8,
        8,
        8,
        null,
        null,
        1,
        0,
        null,
        null,
        null
      ],
      "/Users/KateLoschinina/Workspace/MakersAcademy/Oystercard/lib/oystercard.rb": [
        1,
        1,
        null,
        1,
        null,
        1,
        1,
        1,
        null,
        1,
        17,
        17,
        17,
        17,
        17,
        null,
        null,
        1,
        1,
        null,
        1,
        2,
        1,
        null,
        null,
        1,
        13,
        13,
        12,
        null,
        null,
        1,
        8,
        1,
        null,
        7,
        7,
        null,
        null,
        null,
        1,
        25,
        null,
        null,
        1,
        null,
        1,
        9,
        null,
        null,
        1,
        2,
        2,
        null,
        null,
        1,
        13,
        13,
        null,
        null,
        1,
        1,
        1,
        1,
        null,
        null,
        1,
        1,
        1,
        1,
        null,
        null
      ],
      "/Users/KateLoschinina/Workspace/MakersAcademy/Oystercard/lib/station.rb": [
        1,
        null,
        1,
        null,
        1,
        1,
        null,
        1,
        21,
        21,
        21,
        null,
        null,
        1,
        21,
        21,
        21,
        null,
        null,
        1,
        null,
        1,
        21,
        21,
        null,
        null,
        1,
        21,
        126,
        126,
        126,
        null,
        null,
        null,
        null
      ],
      "/Users/KateLoschinina/Workspace/MakersAcademy/Oystercard/spec/journey_spec.rb": [
        1,
        1,
        null,
        1,
        null,
        6,
        1,
        1,
        7,
        null,
        1,
        1,
        null,
        null,
        1,
        2,
        1,
        1,
        1,
        null,
        2,
        null,
        null,
        1,
        2,
        1,
        1,
        1,
        null,
        2,
        null,
        null,
        1,
        2,
        1,
        1,
        null,
        null,
        null,
        1,
        3,
        2,
        1,
        1,
        null,
        1,
        1,
        1,
        null,
        1,
        1,
        1,
        1,
        null,
        null,
        null
      ],
      "/Users/KateLoschinina/Workspace/MakersAcademy/Oystercard/spec/oystercard_spec.rb": [
        1,
        null,
        1,
        null,
        1,
        1,
        7,
        12,
        null,
        1,
        1,
        null,
        1,
        1,
        1,
        null,
        1,
        1,
        null,
        null,
        null,
        1,
        2,
        1,
        1,
        null,
        null,
        null,
        1,
        1,
        1,
        4,
        null,
        1,
        1,
        2,
        null,
        null,
        null,
        1,
        2,
        1,
        1,
        null,
        1,
        1,
        1,
        null,
        null,
        null,
        1,
        3,
        1,
        1,
        1,
        null,
        1,
        1,
        1,
        4,
        null,
        1,
        1,
        2,
        null,
        2,
        null,
        null,
        1,
        2,
        1,
        1,
        1,
        1,
        1,
        1,
        null,
        1,
        1,
        1,
        1,
        4,
        null,
        1,
        4,
        null,
        null,
        null,
        1,
        1,
        1,
        1,
        1,
        1,
        1,
        1,
        null,
        1,
        1,
        1,
        1,
        1,
        1,
        4,
        4,
        4,
        null,
        1,
        null,
        null,
        null
      ],
      "/Users/KateLoschinina/Workspace/MakersAcademy/Oystercard/spec/station_spec.rb": [
        1,
        null,
        1,
        null,
        4,
        2,
        null,
        1,
        1,
        1,
        null,
        1,
        1,
        null,
        null,
        null,
        1,
        1,
        1,
        null,
        1,
        1,
        null,
        null,
        null,
        null
      ]
    },
    "timestamp": 1484328590
  }
}
